<?xml version="1.0" encoding="UTF-8"?>
<testng-results skipped="0" failed="0" ignored="0" total="2" passed="2">
  <reporter-output>
  </reporter-output>
  <suite name="Default suite" duration-ms="65" started-at="2023-02-06T14:07:50 IST" finished-at="2023-02-06T14:07:50 IST">
    <groups>
    </groups>
    <test name="Default test" duration-ms="65" started-at="2023-02-06T14:07:50 IST" finished-at="2023-02-06T14:07:50 IST">
      <class name="testNG.Annotations">
        <test-method status="PASS" signature="Before_Test()[pri:0, instance:testNG.Annotations@66d1af89]" name="Before_Test" is-config="true" duration-ms="10" started-at="2023-02-06T14:07:50 IST" finished-at="2023-02-06T14:07:50 IST">
          <reporter-output>
          </reporter-output>
        </test-method> <!-- Before_Test -->
        <test-method status="PASS" signature="Before_Class()[pri:0, instance:testNG.Annotations@66d1af89]" name="Before_Class" is-config="true" duration-ms="0" started-at="2023-02-06T14:07:50 IST" finished-at="2023-02-06T14:07:50 IST">
          <reporter-output>
          </reporter-output>
        </test-method> <!-- Before_Class -->
        <test-method status="PASS" signature="Test1()[pri:0, instance:testNG.Annotations@66d1af89]" name="Test1" duration-ms="5" started-at="2023-02-06T14:07:50 IST" finished-at="2023-02-06T14:07:50 IST">
          <reporter-output>
          </reporter-output>
        </test-method> <!-- Test1 -->
        <test-method status="PASS" signature="Before_Method()[pri:0, instance:testNG.Annotations@66d1af89]" name="Before_Method" is-config="true" duration-ms="0" started-at="2023-02-06T14:07:50 IST" finished-at="2023-02-06T14:07:50 IST">
          <reporter-output>
          </reporter-output>
        </test-method> <!-- Before_Method -->
        <test-method status="PASS" signature="Before_Method()[pri:0, instance:testNG.Annotations@66d1af89]" name="Before_Method" is-config="true" duration-ms="0" started-at="2023-02-06T14:07:50 IST" finished-at="2023-02-06T14:07:50 IST">
          <reporter-output>
          </reporter-output>
        </test-method> <!-- Before_Method -->
        <test-method status="PASS" signature="After_Method()[pri:0, instance:testNG.Annotations@66d1af89]" name="After_Method" is-config="true" duration-ms="0" started-at="2023-02-06T14:07:50 IST" finished-at="2023-02-06T14:07:50 IST">
          <reporter-output>
          </reporter-output>
        </test-method> <!-- After_Method -->
        <test-method status="PASS" signature="Test2()[pri:0, instance:testNG.Annotations@66d1af89]" name="Test2" duration-ms="0" started-at="2023-02-06T14:07:50 IST" finished-at="2023-02-06T14:07:50 IST">
          <reporter-output>
          </reporter-output>
        </test-method> <!-- Test2 -->
        <test-method status="PASS" signature="After_Method()[pri:0, instance:testNG.Annotations@66d1af89]" name="After_Method" is-config="true" duration-ms="0" started-at="2023-02-06T14:07:50 IST" finished-at="2023-02-06T14:07:50 IST">
          <reporter-output>
          </reporter-output>
        </test-method> <!-- After_Method -->
        <test-method status="PASS" signature="After_Class()[pri:0, instance:testNG.Annotations@66d1af89]" name="After_Class" is-config="true" duration-ms="3" started-at="2023-02-06T14:07:50 IST" finished-at="2023-02-06T14:07:50 IST">
          <reporter-output>
          </reporter-output>
        </test-method> <!-- After_Class -->
        <test-method status="PASS" signature="After_Test()[pri:0, instance:testNG.Annotations@66d1af89]" name="After_Test" is-config="true" duration-ms="0" started-at="2023-02-06T14:07:50 IST" finished-at="2023-02-06T14:07:50 IST">
          <reporter-output>
          </reporter-output>
        </test-method> <!-- After_Test -->
      </class> <!-- testNG.Annotations -->
    </test> <!-- Default test -->
  </suite> <!-- Default suite -->
</testng-results>
